2026-03-15 14:36:00,598 | INFO | Logger initialized successfully
2026-03-15 14:37:06,660 | INFO | Logger initialized successfully
2026-03-15 14:46:41,999 | INFO | API сесія почалась
2026-03-15 14:46:42,288 | INFO | Закрив сесію
2026-03-15 14:57:17,288 | INFO | API сесія почалась
2026-03-15 14:57:17,665 | INFO | Закрив сесію
2026-03-15 14:57:17,665 | INFO | Зчитано: 20
2026-03-15 15:00:18,199 | INFO | API сесія почалась
2026-03-15 15:00:18,670 | INFO | Закрив сесію
2026-03-15 15:00:18,670 | INFO | Зчитано: 20
2026-03-15 21:22:27,839 | INFO | API сесія почалась
2026-03-15 21:22:27,839 | INFO | Закрив сесію
2026-03-15 21:22:59,429 | INFO | API сесія почалась
2026-03-15 21:22:59,430 | INFO | Закрив сесію
2026-03-15 21:23:37,600 | INFO | API сесія почалась
2026-03-15 21:23:37,600 | INFO | Закрив сесію
2026-03-15 21:25:38,632 | INFO | API сесія почалась
2026-03-15 21:25:38,633 | INFO | Закрив сесію
2026-03-15 21:26:17,613 | INFO | API сесія почалась
2026-03-15 21:26:17,834 | INFO | Закрив сесію
2026-03-15 21:26:17,834 | INFO | Зчитано: 20
2026-03-15 21:53:27,818 | INFO | API сесія почалась
2026-03-15 21:53:28,053 | INFO | Закрив сесію
2026-03-15 21:53:28,053 | INFO | Зчитано: 20
2026-03-15 21:53:28,380 | INFO | API сесія почалась
2026-03-15 21:53:28,669 | INFO | Закрив сесію
2026-03-15 21:53:28,669 | ERROR | Помилка при читанні
2026-03-15 21:55:12,069 | INFO | API сесія почалась
2026-03-15 21:55:12,238 | INFO | Закрив сесію
2026-03-15 21:55:12,239 | INFO | Зчитано: 20
2026-03-15 21:55:12,338 | INFO | API сесія почалась
2026-03-15 21:55:12,611 | INFO | Валідація Успішна
2026-03-15 21:55:12,613 | INFO | Закрив сесію
2026-03-15 21:55:12,613 | ERROR | Помилка при читанні
2026-03-15 21:56:16,478 | INFO | API сесія почалась
2026-03-15 21:56:17,129 | INFO | Закрив сесію
2026-03-15 21:56:17,129 | INFO | Зчитано: 20
2026-03-15 21:56:53,181 | INFO | API сесія почалась
2026-03-15 21:56:53,367 | INFO | Закрив сесію
2026-03-15 21:56:53,367 | INFO | Зчитано: 20
2026-03-15 21:56:53,471 | INFO | API сесія почалась
2026-03-15 21:56:53,671 | INFO | Валідація Успішна
2026-03-15 21:56:53,672 | INFO | Закрив сесію
2026-03-15 21:56:53,673 | ERROR | Помилка при читанні
2026-03-15 22:00:25,078 | INFO | API сесія почалась
2026-03-15 22:00:25,172 | INFO | Закрив сесію
2026-03-15 22:00:25,172 | INFO | Зчитано: 20
2026-03-15 22:00:25,275 | INFO | API сесія почалась
2026-03-15 22:00:25,436 | INFO | Валідація Успішна
2026-03-15 22:00:25,438 | INFO | Закрив сесію
2026-03-15 22:00:25,438 | ERROR | Помилка при читанні
2026-03-15 22:03:29,969 | INFO | API сесія почалась
2026-03-15 22:03:30,271 | INFO | Закрив сесію
2026-03-15 22:03:30,272 | INFO | Зчитано: 20
2026-03-15 22:03:41,768 | INFO | API сесія почалась
2026-03-15 22:03:41,862 | INFO | Закрив сесію
2026-03-15 22:03:41,863 | INFO | Зчитано: 20
2026-03-15 22:04:20,033 | INFO | API сесія почалась
2026-03-15 22:04:20,243 | INFO | Закрив сесію
2026-03-15 22:04:20,243 | INFO | Зчитано: 20
2026-03-15 22:04:20,354 | INFO | API сесія почалась
2026-03-15 22:04:20,440 | INFO | Валідація Успішна
2026-03-15 22:04:20,442 | INFO | Закрив сесію
2026-03-15 22:04:20,443 | ERROR | Помилка при читанні
2026-03-15 22:04:20,443 | ERROR | Помилка виконання 'function' object has no attribute 'append'
2026-03-15 22:04:39,465 | INFO | API сесія почалась
2026-03-15 22:04:39,700 | INFO | Закрив сесію
2026-03-15 22:04:39,700 | INFO | Зчитано: 20
2026-03-15 22:04:39,832 | INFO | API сесія почалась
2026-03-15 22:04:40,005 | INFO | Валідація Успішна
2026-03-15 22:04:40,005 | INFO | Валідація Успішна
2026-03-15 22:04:40,005 | INFO | Валідація Успішна
2026-03-15 22:04:40,006 | INFO | Валідація Успішна
2026-03-15 22:04:40,006 | INFO | Валідація Успішна
2026-03-15 22:04:40,006 | INFO | Валідація Успішна
2026-03-15 22:04:40,006 | INFO | Валідація Успішна
2026-03-15 22:04:40,006 | INFO | Валідація Успішна
2026-03-15 22:04:40,006 | INFO | Валідація Успішна
2026-03-15 22:04:40,007 | INFO | Валідація Успішна
2026-03-15 22:04:40,007 | INFO | Валідація Успішна
2026-03-15 22:04:40,007 | INFO | Валідація Успішна
2026-03-15 22:04:40,007 | INFO | Валідація Успішна
2026-03-15 22:04:40,007 | INFO | Валідація Успішна
2026-03-15 22:04:40,008 | INFO | Валідація Успішна
2026-03-15 22:04:40,008 | INFO | Валідація Успішна
2026-03-15 22:04:40,008 | INFO | Валідація Успішна
2026-03-15 22:04:40,008 | INFO | Валідація Успішна
2026-03-15 22:04:40,008 | INFO | Валідація Успішна
2026-03-15 22:04:40,008 | INFO | Валідація Успішна
2026-03-15 22:04:40,010 | INFO | Закрив сесію
2026-03-15 22:04:40,010 | INFO | Зчитано: 20
2026-03-15 22:04:40,011 | INFO | Валідних записів 20
2026-03-15 22:06:01,548 | INFO | API сесія почалась
2026-03-15 22:06:01,928 | INFO | Закрив сесію
2026-03-15 22:06:01,928 | INFO | Зчитано: 20
2026-03-15 22:06:02,023 | INFO | API сесія почалась
2026-03-15 22:06:02,341 | INFO | Валідація Успішна
2026-03-15 22:06:02,341 | INFO | Валідація Успішна
2026-03-15 22:06:02,342 | INFO | Валідація Успішна
2026-03-15 22:06:02,342 | INFO | Валідація Успішна
2026-03-15 22:06:02,342 | INFO | Валідація Успішна
2026-03-15 22:06:02,342 | INFO | Валідація Успішна
2026-03-15 22:06:02,342 | INFO | Валідація Успішна
2026-03-15 22:06:02,342 | INFO | Валідація Успішна
2026-03-15 22:06:02,343 | INFO | Валідація Успішна
2026-03-15 22:06:02,343 | INFO | Валідація Успішна
2026-03-15 22:06:02,343 | INFO | Валідація Успішна
2026-03-15 22:06:02,343 | INFO | Валідація Успішна
2026-03-15 22:06:02,343 | INFO | Валідація Успішна
2026-03-15 22:06:02,343 | INFO | Валідація Успішна
2026-03-15 22:06:02,343 | INFO | Валідація Успішна
2026-03-15 22:06:02,344 | INFO | Валідація Успішна
2026-03-15 22:06:02,344 | INFO | Валідація Успішна
2026-03-15 22:06:02,344 | INFO | Валідація Успішна
2026-03-15 22:06:02,344 | INFO | Валідація Успішна
2026-03-15 22:06:02,344 | INFO | Валідація Успішна
2026-03-15 22:06:02,346 | INFO | Закрив сесію
2026-03-15 22:06:02,346 | INFO | Зчитано: 20
2026-03-15 22:06:02,346 | INFO | Валідних записів 20
2026-03-15 22:06:23,712 | INFO | API сесія почалась
2026-03-15 22:06:23,842 | INFO | Закрив сесію
2026-03-15 22:06:23,843 | INFO | Зчитано: 20
2026-03-15 22:06:23,929 | INFO | API сесія почалась
2026-03-15 22:06:24,020 | INFO | Валідація Успішна
2026-03-15 22:06:24,020 | INFO | Валідація Успішна
2026-03-15 22:06:24,020 | INFO | Валідація Успішна
2026-03-15 22:06:24,020 | INFO | Валідація Успішна
2026-03-15 22:06:24,021 | INFO | Валідація Успішна
2026-03-15 22:06:24,021 | INFO | Валідація Успішна
2026-03-15 22:06:24,021 | INFO | Валідація Успішна
2026-03-15 22:06:24,021 | INFO | Валідація Успішна
2026-03-15 22:06:24,021 | INFO | Валідація Успішна
2026-03-15 22:06:24,021 | INFO | Валідація Успішна
2026-03-15 22:06:24,022 | INFO | Валідація Успішна
2026-03-15 22:06:24,022 | INFO | Валідація Успішна
2026-03-15 22:06:24,022 | INFO | Валідація Успішна
2026-03-15 22:06:24,022 | INFO | Валідація Успішна
2026-03-15 22:06:24,022 | INFO | Валідація Успішна
2026-03-15 22:06:24,022 | INFO | Валідація Успішна
2026-03-15 22:06:24,023 | INFO | Валідація Успішна
2026-03-15 22:06:24,023 | INFO | Валідація Успішна
2026-03-15 22:06:24,023 | INFO | Валідація Успішна
2026-03-15 22:06:24,023 | INFO | Валідація Успішна
2026-03-15 22:06:24,025 | INFO | Закрив сесію
2026-03-15 22:06:24,025 | INFO | Зчитано: 20
2026-03-15 22:06:24,025 | INFO | Валідних записів 20
2026-03-15 22:07:31,739 | INFO | API сесія почалась
2026-03-15 22:07:31,829 | INFO | Валідація Успішна
2026-03-15 22:07:31,829 | INFO | Валідація Успішна
2026-03-15 22:07:31,830 | INFO | Валідація Успішна
2026-03-15 22:07:31,830 | INFO | Валідація Успішна
2026-03-15 22:07:31,830 | INFO | Валідація Успішна
2026-03-15 22:07:31,830 | INFO | Валідація Успішна
2026-03-15 22:07:31,830 | INFO | Валідація Успішна
2026-03-15 22:07:31,831 | INFO | Валідація Успішна
2026-03-15 22:07:31,831 | INFO | Валідація Успішна
2026-03-15 22:07:31,831 | INFO | Валідація Успішна
2026-03-15 22:07:31,831 | INFO | Валідація Успішна
2026-03-15 22:07:31,831 | INFO | Валідація Успішна
2026-03-15 22:07:31,831 | INFO | Валідація Успішна
2026-03-15 22:07:31,832 | INFO | Валідація Успішна
2026-03-15 22:07:31,832 | INFO | Валідація Успішна
2026-03-15 22:07:31,832 | INFO | Валідація Успішна
2026-03-15 22:07:31,832 | INFO | Валідація Успішна
2026-03-15 22:07:31,832 | INFO | Валідація Успішна
2026-03-15 22:07:31,832 | INFO | Валідація Успішна
2026-03-15 22:07:31,832 | INFO | Валідація Успішна
2026-03-15 22:07:31,834 | INFO | Закрив сесію
2026-03-15 22:07:31,834 | INFO | Зчитано: 20
2026-03-15 22:07:31,835 | INFO | Валідних записів 20
2026-03-15 22:12:28,307 | INFO | API сесія почалась
2026-03-15 22:12:28,590 | INFO | Валідація Успішна
2026-03-15 22:12:28,590 | INFO | Валідація Успішна
2026-03-15 22:12:28,590 | INFO | Валідація Успішна
2026-03-15 22:12:28,591 | INFO | Валідація Успішна
2026-03-15 22:12:28,591 | INFO | Валідація Успішна
2026-03-15 22:12:28,591 | INFO | Валідація Успішна
2026-03-15 22:12:28,591 | INFO | Валідація Успішна
2026-03-15 22:12:28,591 | INFO | Валідація Успішна
2026-03-15 22:12:28,592 | INFO | Валідація Успішна
2026-03-15 22:12:28,592 | INFO | Валідація Успішна
2026-03-15 22:12:28,592 | INFO | Валідація Успішна
2026-03-15 22:12:28,592 | INFO | Валідація Успішна
2026-03-15 22:12:28,592 | INFO | Валідація Успішна
2026-03-15 22:12:28,593 | INFO | Валідація Успішна
2026-03-15 22:12:28,593 | INFO | Валідація Успішна
2026-03-15 22:12:28,593 | INFO | Валідація Успішна
2026-03-15 22:12:28,593 | INFO | Валідація Успішна
2026-03-15 22:12:28,593 | INFO | Валідація Успішна
2026-03-15 22:12:28,594 | INFO | Валідація Успішна
2026-03-15 22:12:28,594 | INFO | Валідація Успішна
2026-03-15 22:12:28,596 | INFO | Закрив сесію
2026-03-15 22:12:28,596 | INFO | Зчитано: 20
2026-03-15 22:12:28,596 | INFO | Валідних записів 20
2026-03-15 22:12:46,173 | INFO | API сесія почалась
2026-03-15 22:12:46,307 | INFO | Валідація Успішна
2026-03-15 22:12:46,308 | INFO | Валідація Успішна
2026-03-15 22:12:46,308 | INFO | Валідація Успішна
2026-03-15 22:12:46,308 | INFO | Валідація Успішна
2026-03-15 22:12:46,308 | INFO | Валідація Успішна
2026-03-15 22:12:46,309 | INFO | Валідація Успішна
2026-03-15 22:12:46,309 | INFO | Валідація Успішна
2026-03-15 22:12:46,309 | INFO | Валідація Успішна
2026-03-15 22:12:46,309 | INFO | Валідація Успішна
2026-03-15 22:12:46,310 | INFO | Валідація Успішна
2026-03-15 22:12:46,310 | INFO | Валідація Успішна
2026-03-15 22:12:46,310 | INFO | Валідація Успішна
2026-03-15 22:12:46,310 | INFO | Валідація Успішна
2026-03-15 22:12:46,310 | INFO | Валідація Успішна
2026-03-15 22:12:46,310 | INFO | Валідація Успішна
2026-03-15 22:12:46,311 | INFO | Валідація Успішна
2026-03-15 22:12:46,311 | INFO | Валідація Успішна
2026-03-15 22:12:46,311 | INFO | Валідація Успішна
2026-03-15 22:12:46,311 | INFO | Валідація Успішна
2026-03-15 22:12:46,311 | INFO | Валідація Успішна
2026-03-15 22:12:46,313 | INFO | Закрив сесію
2026-03-15 22:12:46,313 | INFO | Зчитано: 20
2026-03-15 22:12:46,314 | INFO | Валідних записів 20
2026-03-15 22:13:09,720 | INFO | API сесія почалась
2026-03-15 22:13:09,815 | INFO | Валідація Успішна
2026-03-15 22:13:09,816 | INFO | Валідація Успішна
2026-03-15 22:13:09,816 | INFO | Валідація Успішна
2026-03-15 22:13:09,816 | INFO | Валідація Успішна
2026-03-15 22:13:09,816 | INFO | Валідація Успішна
2026-03-15 22:13:09,816 | INFO | Валідація Успішна
2026-03-15 22:13:09,817 | INFO | Валідація Успішна
2026-03-15 22:13:09,817 | INFO | Валідація Успішна
2026-03-15 22:13:09,817 | INFO | Валідація Успішна
2026-03-15 22:13:09,817 | INFO | Валідація Успішна
2026-03-15 22:13:09,817 | INFO | Валідація Успішна
2026-03-15 22:13:09,817 | INFO | Валідація Успішна
2026-03-15 22:13:09,817 | INFO | Валідація Успішна
2026-03-15 22:13:09,818 | INFO | Валідація Успішна
2026-03-15 22:13:09,818 | INFO | Валідація Успішна
2026-03-15 22:13:09,818 | INFO | Валідація Успішна
2026-03-15 22:13:09,818 | INFO | Валідація Успішна
2026-03-15 22:13:09,818 | INFO | Валідація Успішна
2026-03-15 22:13:09,818 | INFO | Валідація Успішна
2026-03-15 22:13:09,818 | INFO | Валідація Успішна
2026-03-15 22:13:09,820 | INFO | Закрив сесію
2026-03-15 22:13:09,820 | INFO | Зчитано: 20
2026-03-15 22:13:09,821 | INFO | Валідних записів 20
2026-03-15 22:13:56,391 | INFO | API сесія почалась
2026-03-15 22:13:56,482 | INFO | Валідація Успішна
2026-03-15 22:13:56,482 | INFO | Валідація Успішна
2026-03-15 22:13:56,483 | INFO | Валідація Успішна
2026-03-15 22:13:56,483 | INFO | Валідація Успішна
2026-03-15 22:13:56,483 | INFO | Валідація Успішна
2026-03-15 22:13:56,483 | INFO | Валідація Успішна
2026-03-15 22:13:56,483 | INFO | Валідація Успішна
2026-03-15 22:13:56,483 | INFO | Валідація Успішна
2026-03-15 22:13:56,484 | INFO | Валідація Успішна
2026-03-15 22:13:56,484 | INFO | Валідація Успішна
2026-03-15 22:13:56,484 | INFO | Валідація Успішна
2026-03-15 22:13:56,484 | INFO | Валідація Успішна
2026-03-15 22:13:56,484 | INFO | Валідація Успішна
2026-03-15 22:13:56,484 | INFO | Валідація Успішна
2026-03-15 22:13:56,485 | INFO | Валідація Успішна
2026-03-15 22:13:56,485 | INFO | Валідація Успішна
2026-03-15 22:13:56,485 | INFO | Валідація Успішна
2026-03-15 22:13:56,485 | INFO | Валідація Успішна
2026-03-15 22:13:56,485 | INFO | Валідація Успішна
2026-03-15 22:13:56,486 | INFO | Валідація Успішна
2026-03-15 22:13:56,487 | INFO | Закрив сесію
2026-03-15 22:13:56,488 | INFO | Зчитано: 20
2026-03-15 22:13:56,488 | INFO | Валідних записів 20
2026-03-15 22:13:56,488 | INFO | Назва функції: main | Час виконання 0.10s
2026-03-15 22:15:04,550 | INFO | API сесія почалась
2026-03-15 22:15:04,644 | INFO | Валідація Успішна
2026-03-15 22:15:04,645 | INFO | Валідація Успішна
2026-03-15 22:15:04,645 | INFO | Валідація Успішна
2026-03-15 22:15:04,645 | INFO | Валідація Успішна
2026-03-15 22:15:04,645 | INFO | Валідація Успішна
2026-03-15 22:15:04,646 | INFO | Валідація Успішна
2026-03-15 22:15:04,646 | INFO | Валідація Успішна
2026-03-15 22:15:04,646 | INFO | Валідація Успішна
2026-03-15 22:15:04,646 | INFO | Валідація Успішна
2026-03-15 22:15:04,646 | INFO | Валідація Успішна
2026-03-15 22:15:04,646 | INFO | Валідація Успішна
2026-03-15 22:15:04,646 | INFO | Валідація Успішна
2026-03-15 22:15:04,647 | INFO | Валідація Успішна
2026-03-15 22:15:04,647 | INFO | Валідація Успішна
2026-03-15 22:15:04,647 | INFO | Валідація Успішна
2026-03-15 22:15:04,647 | INFO | Валідація Успішна
2026-03-15 22:15:04,647 | INFO | Валідація Успішна
2026-03-15 22:15:04,648 | INFO | Валідація Успішна
2026-03-15 22:15:04,648 | INFO | Валідація Успішна
2026-03-15 22:15:04,648 | INFO | Валідація Успішна
2026-03-15 22:15:04,650 | INFO | Закрив сесію
2026-03-15 22:15:04,650 | INFO | Зчитано: 20
2026-03-15 22:15:04,650 | INFO | Валідних записів 20
2026-03-15 22:15:04,651 | INFO | Назва функції: main | Час виконання 0.10s
2026-03-15 22:16:33,428 | INFO | API сесія почалась
2026-03-15 22:16:33,520 | INFO | Валідація Успішна
2026-03-15 22:16:33,521 | INFO | Валідація Успішна
2026-03-15 22:16:33,521 | INFO | Валідація Успішна
2026-03-15 22:16:33,521 | INFO | Валідація Успішна
2026-03-15 22:16:33,521 | INFO | Валідація Успішна
2026-03-15 22:16:33,521 | INFO | Валідація Успішна
2026-03-15 22:16:33,522 | INFO | Валідація Успішна
2026-03-15 22:16:33,522 | INFO | Валідація Успішна
2026-03-15 22:16:33,522 | INFO | Валідація Успішна
2026-03-15 22:16:33,522 | INFO | Валідація Успішна
2026-03-15 22:16:33,522 | INFO | Валідація Успішна
2026-03-15 22:16:33,522 | INFO | Валідація Успішна
2026-03-15 22:16:33,522 | INFO | Валідація Успішна
2026-03-15 22:16:33,523 | INFO | Валідація Успішна
2026-03-15 22:16:33,523 | INFO | Валідація Успішна
2026-03-15 22:16:33,523 | INFO | Валідація Успішна
2026-03-15 22:16:33,523 | INFO | Валідація Успішна
2026-03-15 22:16:33,523 | INFO | Валідація Успішна
2026-03-15 22:16:33,523 | INFO | Валідація Успішна
2026-03-15 22:16:33,524 | INFO | Валідація Успішна
2026-03-15 22:16:33,525 | INFO | Закрив сесію
2026-03-15 22:16:33,526 | INFO | Зчитано: 20
2026-03-15 22:16:33,526 | INFO | Валідних записів 20
2026-03-15 22:16:33,526 | INFO | Назва функції: main | Час виконання 0.10s
2026-03-15 22:16:52,607 | INFO | API сесія почалась
2026-03-15 22:16:52,698 | INFO | Валідація Успішна
2026-03-15 22:16:52,699 | INFO | Валідація Успішна
2026-03-15 22:16:52,699 | INFO | Валідація Успішна
2026-03-15 22:16:52,699 | INFO | Валідація Успішна
2026-03-15 22:16:52,699 | INFO | Валідація Успішна
2026-03-15 22:16:52,699 | INFO | Валідація Успішна
2026-03-15 22:16:52,700 | INFO | Валідація Успішна
2026-03-15 22:16:52,700 | INFO | Валідація Успішна
2026-03-15 22:16:52,700 | INFO | Валідація Успішна
2026-03-15 22:16:52,700 | INFO | Валідація Успішна
2026-03-15 22:16:52,700 | INFO | Валідація Успішна
2026-03-15 22:16:52,701 | INFO | Валідація Успішна
2026-03-15 22:16:52,701 | INFO | Валідація Успішна
2026-03-15 22:16:52,701 | INFO | Валідація Успішна
2026-03-15 22:16:52,701 | INFO | Валідація Успішна
2026-03-15 22:16:52,701 | INFO | Валідація Успішна
2026-03-15 22:16:52,702 | INFO | Валідація Успішна
2026-03-15 22:16:52,702 | INFO | Валідація Успішна
2026-03-15 22:16:52,702 | INFO | Валідація Успішна
2026-03-15 22:16:52,702 | INFO | Валідація Успішна
2026-03-15 22:16:52,704 | INFO | Закрив сесію
2026-03-15 22:16:52,704 | INFO | Зчитано: 20
2026-03-15 22:16:52,704 | INFO | Валідних записів 20
2026-03-15 22:16:52,705 | INFO | Назва функції: main | Час виконання 0.10s
2026-03-15 22:17:27,875 | INFO | API сесія почалась
2026-03-15 22:17:28,011 | INFO | Валідація Успішна
2026-03-15 22:17:28,011 | INFO | Валідація Успішна
2026-03-15 22:17:28,012 | INFO | Валідація Успішна
2026-03-15 22:17:28,012 | INFO | Валідація Успішна
2026-03-15 22:17:28,012 | INFO | Валідація Успішна
2026-03-15 22:17:28,012 | INFO | Валідація Успішна
2026-03-15 22:17:28,012 | INFO | Валідація Успішна
2026-03-15 22:17:28,013 | INFO | Валідація Успішна
2026-03-15 22:17:28,013 | INFO | Валідація Успішна
2026-03-15 22:17:28,013 | INFO | Валідація Успішна
2026-03-15 22:17:28,013 | INFO | Валідація Успішна
2026-03-15 22:17:28,013 | INFO | Валідація Успішна
2026-03-15 22:17:28,014 | INFO | Валідація Успішна
2026-03-15 22:17:28,014 | INFO | Валідація Успішна
2026-03-15 22:17:28,014 | INFO | Валідація Успішна
2026-03-15 22:17:28,014 | INFO | Валідація Успішна
2026-03-15 22:17:28,014 | INFO | Валідація Успішна
2026-03-15 22:17:28,015 | INFO | Валідація Успішна
2026-03-15 22:17:28,015 | INFO | Валідація Успішна
2026-03-15 22:17:28,015 | INFO | Валідація Успішна
2026-03-15 22:17:28,017 | INFO | Закрив сесію
2026-03-15 22:17:28,017 | INFO | Зчитано: 20
2026-03-15 22:17:28,018 | INFO | Валідних записів 20
2026-03-15 22:17:28,018 | INFO | Назва функції: main | Час виконання 0.14s
2026-03-15 22:17:42,720 | INFO | API сесія почалась
2026-03-15 22:17:42,857 | INFO | Валідація Успішна
2026-03-15 22:17:42,858 | INFO | Валідація Успішна
2026-03-15 22:17:42,858 | INFO | Валідація Успішна
2026-03-15 22:17:42,858 | INFO | Валідація Успішна
2026-03-15 22:17:42,858 | INFO | Валідація Успішна
2026-03-15 22:17:42,858 | INFO | Валідація Успішна
2026-03-15 22:17:42,858 | INFO | Валідація Успішна
2026-03-15 22:17:42,859 | INFO | Валідація Успішна
2026-03-15 22:17:42,859 | INFO | Валідація Успішна
2026-03-15 22:17:42,859 | INFO | Валідація Успішна
2026-03-15 22:17:42,859 | INFO | Валідація Успішна
2026-03-15 22:17:42,859 | INFO | Валідація Успішна
2026-03-15 22:17:42,859 | INFO | Валідація Успішна
2026-03-15 22:17:42,860 | INFO | Валідація Успішна
2026-03-15 22:17:42,860 | INFO | Валідація Успішна
2026-03-15 22:17:42,860 | INFO | Валідація Успішна
2026-03-15 22:17:42,860 | INFO | Валідація Успішна
2026-03-15 22:17:42,860 | INFO | Валідація Успішна
2026-03-15 22:17:42,861 | INFO | Валідація Успішна
2026-03-15 22:17:42,861 | INFO | Валідація Успішна
2026-03-15 22:17:42,863 | INFO | Закрив сесію
2026-03-15 22:17:42,863 | INFO | Зчитано: 20
2026-03-15 22:17:42,863 | INFO | Валідних записів 20
2026-03-15 22:17:42,864 | INFO | Назва функції: main | Час виконання 0.14s
